0 info it worked if it ends with ok
1 verbose cli [ 'D:\\nodejs\\node.exe',
1 verbose cli   'D:\\nodejs\\node_modules\\npm\\bin\\npm-cli.js',
1 verbose cli   'run',
1 verbose cli   'lite' ]
2 info using npm@3.10.10
3 info using node@v6.11.0
4 verbose run-script [ 'prelite', 'lite', 'postlite' ]
5 info lifecycle @~prelite: @
6 silly lifecycle @~prelite: no script for prelite, continuing
7 info lifecycle @~lite: @
8 verbose lifecycle @~lite: unsafe-perm in lifecycle true
9 verbose lifecycle @~lite: PATH: D:\nodejs\node_modules\npm\bin\node-gyp-bin;F:\myprojects\angular2-freeman\example\node_modules\.bin;D:\nodejs\node_modules\npm\bin\node-gyp-bin;F:\myprojects\angular2-freeman\example\node_modules\.bin;C:\Windows\system32;C:\Windows;C:\Windows\System32\Wbem;C:\Windows\System32\WindowsPowerShell\v1.0\;C:\Program Files (x86)\Skype\Phone\;C:\Windows\system32\config\systemprofile\.dnx\bin;C:\Program Files\Microsoft DNX\Dnvm\;C:\Program Files\Microsoft SQL Server\120\Tools\Binn\;C:\Program Files\Microsoft SQL Server\130\Tools\Binn\;C:\Program Files (x86)\Windows Kits\10\Windows Performance Toolkit\;C:\Program Files\Git\cmd;C:\Program Files\Google\Google Apps Sync\;C:\Program Files\Google\Google Apps Migration\;D:\nodejs\;C:\Users\dmitry.zadvorny\AppData\Local\Microsoft\WindowsApps;C:\Program Files\Microsoft VS Code\bin;C:\Users\dmitry.zadvorny\AppData\Roaming\npm
10 verbose lifecycle @~lite: CWD: F:\myprojects\angular2-freeman\example
11 silly lifecycle @~lite: Args: [ '/d /s /c', 'lite-server' ]
12 silly lifecycle @~lite: Returned: code: 1  signal: null
13 info lifecycle @~lite: Failed to exec lite script
14 verbose stack Error: @ lite: `lite-server`
14 verbose stack Exit status 1
14 verbose stack     at EventEmitter.<anonymous> (D:\nodejs\node_modules\npm\lib\utils\lifecycle.js:255:16)
14 verbose stack     at emitTwo (events.js:106:13)
14 verbose stack     at EventEmitter.emit (events.js:191:7)
14 verbose stack     at ChildProcess.<anonymous> (D:\nodejs\node_modules\npm\lib\utils\spawn.js:40:14)
14 verbose stack     at emitTwo (events.js:106:13)
14 verbose stack     at ChildProcess.emit (events.js:191:7)
14 verbose stack     at maybeClose (internal/child_process.js:891:16)
14 verbose stack     at Process.ChildProcess._handle.onexit (internal/child_process.js:226:5)
15 verbose pkgid @
16 verbose cwd F:\myprojects\angular2-freeman\example
17 error Windows_NT 10.0.15063
18 error argv "D:\\nodejs\\node.exe" "D:\\nodejs\\node_modules\\npm\\bin\\npm-cli.js" "run" "lite"
19 error node v6.11.0
20 error npm  v3.10.10
21 error code ELIFECYCLE
22 error @ lite: `lite-server`
22 error Exit status 1
23 error Failed at the @ lite script 'lite-server'.
23 error Make sure you have the latest version of node.js and npm installed.
23 error If you do, this is most likely a problem with the  package,
23 error not with npm itself.
23 error Tell the author that this fails on your system:
23 error     lite-server
23 error You can get information on how to open an issue for this project with:
23 error     npm bugs
23 error Or if that isn't available, you can get their info via:
23 error     npm owner ls
23 error There is likely additional logging output above.
24 verbose exit [ 1, true ]
